<?xml version="1.0" encoding="UTF-8"?>
<testsuite name="TestAppl1HTTPSprint1" tests="1" skipped="0" failures="0" errors="0" timestamp="2023-03-13T14:34:29" hostname="riccardo-ubuntu" time="13.531">
  <properties/>
  <testcase name="testBoundary" classname="TestAppl1HTTPSprint1" time="13.531"/>
  <system-out><![CDATA[]]></system-out>
  <system-err><![CDATA[]]></system-err>
</testsuite>
